2023/02/10 16:51:40 main.go:18: hoge
2023/02/10 16:52:08 main.go:18: hoge
2023/02/12 21:59:26 todo.servise.go:18: sql: no rows in result set
2023/02/12 21:59:27 todo.servise.go:18: sql: no rows in result set
2023/02/12 21:59:29 todo.servise.go:18: sql: no rows in result set
2023/02/12 21:59:30 todo.servise.go:18: sql: no rows in result set
2023/02/12 21:59:30 todo.servise.go:18: sql: no rows in result set
2023/02/12 21:59:31 todo.servise.go:18: sql: no rows in result set
2023/02/12 21:59:32 todo.servise.go:18: sql: no rows in result set
2023/02/12 21:59:51 todo.servise.go:18: sql: no rows in result set
2023/02/12 21:59:51 todo.servise.go:18: sql: no rows in result set
2023/02/12 21:59:52 todo.servise.go:18: sql: no rows in result set
2023/02/12 21:59:58 todo.servise.go:18: sql: no rows in result set
2023/02/12 22:00:28 todo.servise.go:18: sql: no rows in result set
2023/02/12 22:01:28 todo.servise.go:18: sql: no rows in result set
2023/02/12 22:01:40 todo.servise.go:20: sql: no rows in result set
2023/02/12 22:02:14 todo.servise.go:21: sql: no rows in result set
2023/02/12 22:04:14 todo.servise.go:22: sql: no rows in result set
2023/02/12 22:05:44 todo.servise.go:21: sql: no rows in result set
2023/02/12 22:06:24 todo.servise.go:21: sql: no rows in result set
2023/02/12 22:06:38 todo.servise.go:21: sql: no rows in result set
2023/02/12 22:08:04 todo.servise.go:21: sql: no rows in result set
2023/02/12 22:08:04 todo.servise.go:21: sql: no rows in result set
2023/02/12 22:08:05 todo.servise.go:21: sql: no rows in result set
2023/02/12 22:08:10 todo.servise.go:21: sql: no rows in result set
2023/02/12 22:08:40 todo.servise.go:21: sql: no rows in result set
2023/02/12 22:09:40 todo.servise.go:21: sql: no rows in result set
2023/02/12 22:10:49 todo.servise.go:21: sql: no rows in result set
2023/02/12 22:10:49 todo.servise.go:21: sql: no rows in result set
2023/02/12 22:10:50 todo.servise.go:21: sql: no rows in result set
2023/02/12 22:10:55 todo.servise.go:21: sql: no rows in result set
2023/02/12 22:11:25 todo.servise.go:21: sql: no rows in result set
2023/02/12 22:12:09 todo.servise.go:21: sql: no rows in result set
2023/02/12 22:12:09 todo.servise.go:21: sql: no rows in result set
2023/02/12 22:12:10 todo.servise.go:21: sql: no rows in result set
2023/02/12 22:12:15 todo.servise.go:21: sql: no rows in result set
2023/02/12 22:16:26 todo.servise.go:21: sql: no rows in result set
2023/02/12 22:16:26 todo.servise.go:21: sql: no rows in result set
2023/02/12 22:16:27 todo.servise.go:21: sql: no rows in result set
2023/02/12 22:16:29 todo.servise.go:21: sql: no rows in result set
2023/02/12 22:16:30 todo.servise.go:21: sql: no rows in result set
2023/02/12 22:16:30 todo.servise.go:21: sql: no rows in result set
2023/02/12 22:16:30 todo.servise.go:21: sql: no rows in result set
2023/02/12 22:16:31 todo.servise.go:21: sql: no rows in result set
2023/02/12 22:16:31 todo.servise.go:21: sql: no rows in result set
2023/02/12 22:16:32 todo.servise.go:21: sql: no rows in result set
2023/02/12 22:16:32 todo.servise.go:21: sql: no rows in result set
2023/02/12 22:16:32 todo.servise.go:21: sql: no rows in result set
2023/02/12 22:16:32 todo.servise.go:21: sql: no rows in result set
2023/02/12 22:16:32 todo.servise.go:21: sql: no rows in result set
2023/02/12 22:16:33 todo.servise.go:21: sql: no rows in result set
2023/02/12 22:16:34 todo.servise.go:21: sql: no rows in result set
2023/02/12 22:16:35 todo.servise.go:21: sql: no rows in result set
2023/02/12 22:16:37 todo.servise.go:21: sql: no rows in result set
2023/02/12 22:16:37 todo.servise.go:21: sql: no rows in result set
2023/02/12 22:16:38 todo.servise.go:21: sql: no rows in result set
2023/02/12 22:16:43 todo.servise.go:21: sql: no rows in result set
2023/02/12 22:17:13 todo.servise.go:21: sql: no rows in result set
2023/02/12 22:17:38 todo.servise.go:21: sql: no rows in result set
2023/02/12 22:18:38 todo.servise.go:21: sql: no rows in result set
2023/02/12 22:19:38 todo.servise.go:21: sql: no rows in result set
2023/02/12 22:25:04 todo.servise.go:49: sql: no rows in result set
2023/02/12 22:25:04 todo.servise.go:49: sql: no rows in result set
2023/02/12 22:26:45 todo.servise.go:22: sql: no rows in result set
2023/02/12 22:26:46 todo.servise.go:22: sql: no rows in result set
2023/02/12 22:26:51 todo.servise.go:22: sql: no rows in result set
2023/02/12 22:27:21 todo.servise.go:22: sql: no rows in result set
2023/02/12 22:27:42 todo.servise.go:25: sql: no rows in result set
2023/02/12 22:28:42 todo.servise.go:25: sql: no rows in result set
2023/02/12 22:28:55 todo.servise.go:26: sql: no rows in result set
2023/02/12 22:30:38 todo.servise.go:26: sql: no rows in result set
2023/02/12 22:31:56 todo.servise.go:26: sql: no rows in result set
2023/02/12 22:32:31 todo.servise.go:26: sql: no rows in result set
2023/02/12 22:32:46 todo.servise.go:26: sql: no rows in result set
2023/02/12 22:34:27 todo.servise.go:26: sql: no rows in result set
2023/02/12 22:35:22 todo.servise.go:26: sql: no rows in result set
2023/02/12 22:37:06 todo.servise.go:25: sql: no rows in result set
2023/02/19 16:10:57 auth.servise.go:56: sql: no rows in result set
2023/02/19 16:20:42 main.go:22: sql: unknown driver "sqlite3" (forgotten import?)
2023/02/19 16:44:00 main.go:20: sql: unknown driver "sqlite3" (forgotten import?)
2023/02/19 16:50:34 connect.go:29: sql: unknown driver "sqlite3" (forgotten import?)
2023/02/19 20:51:46 auth.servise.go:70: sql: no rows in result set
